<?xml version="1.0" encoding="UTF-8"?>
<coverage generated="1761550255606" clover="3.2.0">
  <project timestamp="1761550255607" name="All files">
    <metrics statements="31" coveredstatements="24" conditionals="15" coveredconditionals="9" methods="8" coveredmethods="6" elements="54" coveredelements="39" complexity="0" loc="31" ncloc="31" packages="3" files="3" classes="3"/>
    <package name="components">
      <metrics statements="3" coveredstatements="3" conditionals="6" coveredconditionals="5" methods="1" coveredmethods="1"/>
      <file name="ModalDetalles.jsx" path="C:\Users\nojav\prueba-react\prueba\src\components\ModalDetalles.jsx">
        <metrics statements="3" coveredstatements="3" conditionals="6" coveredconditionals="5" methods="1" coveredmethods="1"/>
        <line num="4" count="2" type="stmt"/>
        <line num="5" count="2" type="cond" truecount="1" falsecount="1"/>
        <line num="7" count="2" type="stmt"/>
      </file>
    </package>
    <package name="pages">
      <metrics statements="14" coveredstatements="12" conditionals="2" coveredconditionals="2" methods="6" coveredmethods="4"/>
      <file name="Comerciales.jsx" path="C:\Users\nojav\prueba-react\prueba\src\pages\Comerciales.jsx">
        <metrics statements="14" coveredstatements="12" conditionals="2" coveredconditionals="2" methods="6" coveredmethods="4"/>
        <line num="5" count="2" type="stmt"/>
        <line num="6" count="5" type="stmt"/>
        <line num="7" count="5" type="stmt"/>
        <line num="8" count="5" type="stmt"/>
        <line num="9" count="5" type="stmt"/>
        <line num="11" count="5" type="stmt"/>
        <line num="21" count="5" type="stmt"/>
        <line num="22" count="1" type="stmt"/>
        <line num="23" count="1" type="stmt"/>
        <line num="26" count="5" type="stmt"/>
        <line num="33" count="1" type="stmt"/>
        <line num="39" count="1" type="stmt"/>
        <line num="41" count="0" type="stmt"/>
        <line num="47" count="0" type="stmt"/>
      </file>
    </package>
    <package name="utils">
      <metrics statements="14" coveredstatements="9" conditionals="7" coveredconditionals="2" methods="1" coveredmethods="1"/>
      <file name="calculos.js" path="C:\Users\nojav\prueba-react\prueba\src\utils\calculos.js">
        <metrics statements="14" coveredstatements="9" conditionals="7" coveredconditionals="2" methods="1" coveredmethods="1"/>
        <line num="2" count="2" type="stmt"/>
        <line num="4" count="2" type="cond" truecount="1" falsecount="3"/>
        <line num="5" count="0" type="stmt"/>
        <line num="6" count="0" type="stmt"/>
        <line num="7" count="0" type="stmt"/>
        <line num="8" count="2" type="stmt"/>
        <line num="11" count="2" type="stmt"/>
        <line num="12" count="2" type="cond" truecount="1" falsecount="2"/>
        <line num="13" count="0" type="stmt"/>
        <line num="14" count="0" type="stmt"/>
        <line num="15" count="2" type="stmt"/>
        <line num="18" count="2" type="stmt"/>
        <line num="19" count="2" type="stmt"/>
        <line num="21" count="2" type="stmt"/>
      </file>
    </package>
  </project>
</coverage>
