{"C:\\Users\\nojav\\prueba-react\\prueba\\src\\components\\ModalDetalles.jsx": {"path":"C:\\Users\\nojav\\prueba-react\\prueba\\src\\components\\ModalDetalles.jsx","statementMap":{"0":{"start":{"line":4,"column":22},"end":{"line":32,"column":1}},"1":{"start":{"line":5,"column":2},"end":{"line":5,"column":28}},"2":{"start":{"line":5,"column":16},"end":{"line":5,"column":28}},"3":{"start":{"line":7,"column":2},"end":{"line":31,"column":4}}},"fnMap":{"0":{"name":"(anonymous_0)","decl":{"start":{"line":4,"column":22},"end":{"line":4,"column":23}},"loc":{"start":{"line":4,"column":48},"end":{"line":32,"column":1}},"line":4}},"branchMap":{"0":{"loc":{"start":{"line":5,"column":2},"end":{"line":5,"column":28}},"type":"if","locations":[{"start":{"line":5,"column":2},"end":{"line":5,"column":28}},{"start":{},"end":{}}],"line":5},"1":{"loc":{"start":{"line":14,"column":40},"end":{"line":14,"column":78}},"type":"binary-expr","locations":[{"start":{"line":14,"column":40},"end":{"line":14,"column":57}},{"start":{"line":14,"column":61},"end":{"line":14,"column":78}}],"line":14},"2":{"loc":{"start":{"line":20,"column":9},"end":{"line":28,"column":9}},"type":"cond-expr","locations":[{"start":{"line":21,"column":10},"end":{"line":25,"column":16}},{"start":{"line":27,"column":10},"end":{"line":27,"column":63}}],"line":20}},"s":{"0":2,"1":2,"2":0,"3":2},"f":{"0":2},"b":{"0":[0,2],"1":[2,1],"2":[1,1]},"_coverageSchema":"1a1c01bbd47fc00a2c39e90264f33305004495a9","hash":"fc3280af4e48e8253f9dcacf9539cfc2a45600e0"}
,"C:\\Users\\nojav\\prueba-react\\prueba\\src\\pages\\Comerciales.jsx": {"path":"C:\\Users\\nojav\\prueba-react\\prueba\\src\\pages\\Comerciales.jsx","statementMap":{"0":{"start":{"line":5,"column":20},"end":{"line":65,"column":1}},"1":{"start":{"line":6,"column":34},"end":{"line":6,"column":45}},"2":{"start":{"line":7,"column":26},"end":{"line":7,"column":37}},"3":{"start":{"line":8,"column":36},"end":{"line":8,"column":55}},"4":{"start":{"line":9,"column":36},"end":{"line":9,"column":54}},"5":{"start":{"line":11,"column":36},"end":{"line":19,"column":4}},"6":{"start":{"line":21,"column":25},"end":{"line":24,"column":3}},"7":{"start":{"line":22,"column":16},"end":{"line":22,"column":80}},"8":{"start":{"line":23,"column":4},"end":{"line":23,"column":44}},"9":{"start":{"line":26,"column":2},"end":{"line":64,"column":4}},"10":{"start":{"line":33,"column":25},"end":{"line":33,"column":60}},"11":{"start":{"line":39,"column":25},"end":{"line":39,"column":56}},"12":{"start":{"line":41,"column":49},"end":{"line":41,"column":77}},"13":{"start":{"line":47,"column":49},"end":{"line":47,"column":77}}},"fnMap":{"0":{"name":"(anonymous_0)","decl":{"start":{"line":5,"column":20},"end":{"line":5,"column":21}},"loc":{"start":{"line":5,"column":26},"end":{"line":65,"column":1}},"line":5},"1":{"name":"(anonymous_1)","decl":{"start":{"line":21,"column":25},"end":{"line":21,"column":26}},"loc":{"start":{"line":21,"column":31},"end":{"line":24,"column":3}},"line":21},"2":{"name":"(anonymous_2)","decl":{"start":{"line":33,"column":18},"end":{"line":33,"column":19}},"loc":{"start":{"line":33,"column":25},"end":{"line":33,"column":60}},"line":33},"3":{"name":"(anonymous_3)","decl":{"start":{"line":39,"column":18},"end":{"line":39,"column":19}},"loc":{"start":{"line":39,"column":25},"end":{"line":39,"column":56}},"line":39},"4":{"name":"(anonymous_4)","decl":{"start":{"line":41,"column":42},"end":{"line":41,"column":43}},"loc":{"start":{"line":41,"column":49},"end":{"line":41,"column":77}},"line":41},"5":{"name":"(anonymous_5)","decl":{"start":{"line":47,"column":42},"end":{"line":47,"column":43}},"loc":{"start":{"line":47,"column":49},"end":{"line":47,"column":77}},"line":47}},"branchMap":{"0":{"loc":{"start":{"line":55,"column":7},"end":{"line":62,"column":7}},"type":"binary-expr","locations":[{"start":{"line":55,"column":7},"end":{"line":55,"column":24}},{"start":{"line":56,"column":8},"end":{"line":61,"column":14}}],"line":55}},"s":{"0":2,"1":5,"2":5,"3":5,"4":5,"5":5,"6":5,"7":1,"8":1,"9":5,"10":1,"11":1,"12":0,"13":0},"f":{"0":5,"1":1,"2":1,"3":1,"4":0,"5":0},"b":{"0":[5,1]},"_coverageSchema":"1a1c01bbd47fc00a2c39e90264f33305004495a9","hash":"bea81b4b917c3bccb706e2450609f359d80d9c5c"}
,"C:\\Users\\nojav\\prueba-react\\prueba\\src\\utils\\calculos.js": {"path":"C:\\Users\\nojav\\prueba-react\\prueba\\src\\utils\\calculos.js","statementMap":{"0":{"start":{"line":2,"column":19},"end":{"line":2,"column":33}},"1":{"start":{"line":4,"column":2},"end":{"line":9,"column":3}},"2":{"start":{"line":5,"column":25},"end":{"line":5,"column":43}},"3":{"start":{"line":5,"column":44},"end":{"line":5,"column":50}},"4":{"start":{"line":6,"column":19},"end":{"line":6,"column":37}},"5":{"start":{"line":6,"column":38},"end":{"line":6,"column":44}},"6":{"start":{"line":7,"column":20},"end":{"line":7,"column":38}},"7":{"start":{"line":7,"column":39},"end":{"line":7,"column":45}},"8":{"start":{"line":8,"column":13},"end":{"line":8,"column":19}},"9":{"start":{"line":11,"column":23},"end":{"line":11,"column":24}},"10":{"start":{"line":12,"column":2},"end":{"line":16,"column":3}},"11":{"start":{"line":13,"column":18},"end":{"line":13,"column":39}},"12":{"start":{"line":13,"column":40},"end":{"line":13,"column":46}},"13":{"start":{"line":14,"column":21},"end":{"line":14,"column":43}},"14":{"start":{"line":14,"column":44},"end":{"line":14,"column":50}},"15":{"start":{"line":15,"column":13},"end":{"line":15,"column":19}},"16":{"start":{"line":18,"column":20},"end":{"line":18,"column":56}},"17":{"start":{"line":19,"column":16},"end":{"line":19,"column":64}},"18":{"start":{"line":21,"column":2},"end":{"line":28,"column":4}}},"fnMap":{"0":{"name":"calcularCostoComercial","decl":{"start":{"line":1,"column":16},"end":{"line":1,"column":38}},"loc":{"start":{"line":1,"column":81},"end":{"line":29,"column":1}},"line":1}},"branchMap":{"0":{"loc":{"start":{"line":4,"column":2},"end":{"line":9,"column":3}},"type":"switch","locations":[{"start":{"line":5,"column":4},"end":{"line":5,"column":50}},{"start":{"line":6,"column":4},"end":{"line":6,"column":44}},{"start":{"line":7,"column":4},"end":{"line":7,"column":45}},{"start":{"line":8,"column":4},"end":{"line":8,"column":19}}],"line":4},"1":{"loc":{"start":{"line":12,"column":2},"end":{"line":16,"column":3}},"type":"switch","locations":[{"start":{"line":13,"column":4},"end":{"line":13,"column":46}},{"start":{"line":14,"column":4},"end":{"line":14,"column":50}},{"start":{"line":15,"column":4},"end":{"line":15,"column":19}}],"line":12}},"s":{"0":2,"1":2,"2":0,"3":0,"4":0,"5":0,"6":0,"7":0,"8":2,"9":2,"10":2,"11":0,"12":0,"13":0,"14":0,"15":2,"16":2,"17":2,"18":2},"f":{"0":2},"b":{"0":[0,0,0,2],"1":[0,0,2]},"_coverageSchema":"1a1c01bbd47fc00a2c39e90264f33305004495a9","hash":"21e79eb3a99f779cbce4caf75ab1403a12941cbe"}
}
