TN:
SF:src\components\ModalDetalles.jsx
FN:4,(anonymous_0)
FNF:1
FNH:1
FNDA:2,(anonymous_0)
DA:4,2
DA:5,2
DA:7,2
LF:3
LH:3
BRDA:5,0,0,0
BRDA:5,0,1,2
BRDA:14,1,0,2
BRDA:14,1,1,1
BRDA:20,2,0,1
BRDA:20,2,1,1
BRF:6
BRH:5
end_of_record
TN:
SF:src\pages\Comerciales.jsx
FN:5,(anonymous_0)
FN:21,(anonymous_1)
FN:33,(anonymous_2)
FN:39,(anonymous_3)
FN:41,(anonymous_4)
FN:47,(anonymous_5)
FNF:6
FNH:4
FNDA:5,(anonymous_0)
FNDA:1,(anonymous_1)
FNDA:1,(anonymous_2)
FNDA:1,(anonymous_3)
FNDA:0,(anonymous_4)
FNDA:0,(anonymous_5)
DA:5,2
DA:6,5
DA:7,5
DA:8,5
DA:9,5
DA:11,5
DA:21,5
DA:22,1
DA:23,1
DA:26,5
DA:33,1
DA:39,1
DA:41,0
DA:47,0
LF:14
LH:12
BRDA:55,0,0,5
BRDA:55,0,1,1
BRF:2
BRH:2
end_of_record
TN:
SF:src\utils\calculos.js
FN:1,calcularCostoComercial
FNF:1
FNH:1
FNDA:2,calcularCostoComercial
DA:2,2
DA:4,2
DA:5,0
DA:6,0
DA:7,0
DA:8,2
DA:11,2
DA:12,2
DA:13,0
DA:14,0
DA:15,2
DA:18,2
DA:19,2
DA:21,2
LF:14
LH:9
BRDA:4,0,0,0
BRDA:4,0,1,0
BRDA:4,0,2,0
BRDA:4,0,3,2
BRDA:12,1,0,0
BRDA:12,1,1,0
BRDA:12,1,2,2
BRF:7
BRH:2
end_of_record
