TN:
SF:src\components\ModalDetalles.jsx
FN:4,(anonymous_0)
FNF:1
FNH:1
FNDA:1,(anonymous_0)
DA:4,1
DA:5,1
DA:7,1
LF:3
LH:3
BRDA:5,0,0,0
BRDA:5,0,1,1
BRDA:14,1,0,1
BRDA:14,1,1,1
BRDA:20,2,0,0
BRDA:20,2,1,1
BRF:6
BRH:4
end_of_record
TN:
SF:src\pages\Comerciales.jsx
FN:5,(anonymous_0)
FN:21,(anonymous_1)
FN:33,(anonymous_2)
FN:39,(anonymous_3)
FN:41,(anonymous_4)
FN:47,(anonymous_5)
FNF:6
FNH:1
FNDA:1,(anonymous_0)
FNDA:0,(anonymous_1)
FNDA:0,(anonymous_2)
FNDA:0,(anonymous_3)
FNDA:0,(anonymous_4)
FNDA:0,(anonymous_5)
DA:5,1
DA:6,1
DA:7,1
DA:8,1
DA:9,1
DA:11,1
DA:21,1
DA:22,0
DA:23,0
DA:26,1
DA:33,0
DA:39,0
DA:41,0
DA:47,0
LF:14
LH:8
BRDA:55,0,0,1
BRDA:55,0,1,0
BRF:2
BRH:1
end_of_record
TN:
SF:src\utils\calculos.js
FN:1,calcularCostoComercial
FNF:1
FNH:1
FNDA:1,calcularCostoComercial
DA:2,1
DA:4,1
DA:5,0
DA:6,0
DA:7,0
DA:8,1
DA:11,1
DA:12,1
DA:13,0
DA:14,0
DA:15,1
DA:18,1
DA:19,1
DA:21,1
LF:14
LH:9
BRDA:4,0,0,0
BRDA:4,0,1,0
BRDA:4,0,2,0
BRDA:4,0,3,1
BRDA:12,1,0,0
BRDA:12,1,1,0
BRDA:12,1,2,1
BRF:7
BRH:2
end_of_record
